<?xml version="1.0" encoding="UTF-8" ?>
<testsuite errors="0" failures="0" hostname="PersonalM" name="SuiteTest" tests="40" time="1.625" timestamp="2008-12-16T23:33:51">
  <properties>
[...]
</properties>
  <testcase classname="FuegoTest" name="testAccionarFuego" time="0.032" />
  <testcase classname="HieloTest" name="testAccionarTerrenoPersonaje" time="0.015" />
  <testcase classname="HieloTest" name="testAccionarTerrenoPersonajeNivel" time="0.0" />
  <testcase classname="PlatilloTest" name="testUtilizarConParacaidas" time="0.0" />
  <testcase classname="PooglinTest" name="testPooglin" time="0.0" />
  <testcase classname="PooglinTest" name="testMoverHorizontal" time="0.0" />
  <testcase classname="PooglinTest" name="testMoverVertical" time="0.0" />
  <testcase classname="PooglinTest" name="testGetPosicionX" time="0.0" />
  <testcase classname="PooglinTest" name="testGetPosicionY" time="0.0" />
  <testcase classname="PooglinTest" name="testGetHabilidad" time="0.0" />
  <testcase classname="PooglinTest" name="testSetHabilidad" time="0.0" />
  <testcase classname="PooglinTest" name="testgetMatarse" time="0.0" />
  <testcase classname="VacioTest" name="testAccionarTerrenoProfundo" time="0.0" />
  <testcase classname="PuertaTest" name="testPuerta" time="0.015" />
  <testcase classname="PuertaTest" name="testGettersPuerta" time="0.0" />
  <testcase classname="CongelamientoTest" name="testUtilizarPersonaje" time="0.0" />
  <testcase classname="CongelamientoTest" name="testUtilizarTerreno" time="0.0" />
  <testcase classname="VelocidadTest" name="testCambiarDireccion" time="0.0" />
  <testcase classname="VelocidadTest" name="testModuloEnX" time="0.0" />
  <testcase classname="VelocidadTest" name="testModuloEnY" time="0.0" />
  <testcase classname="MorirTest" name="testUtilizarMorir" time="0.0" />
  <testcase classname="HabilidadesEnNivelTest" name="testCaidaConPlatillo" time="0.016" />
  <testcase classname="HabilidadesEnNivelTest" name="testCaidaSinPlatillo" time="0.016" />
  <testcase classname="HabilidadesEnNivelTest" name="testTaladro" time="0.0" />
  <testcase classname="HabilidadesEnNivelTest" name="testCongelarPooglin" time="0.0" />
  <testcase classname="HabilidadesEnNivelTest" name="testMatarPooglin" time="0.0" />
  <testcase classname="TerrenoEnNivelTest" name="testNivelConTierra" time="0.062" />
  <testcase classname="TerrenoEnNivelTest" name="testNivelConHielo" time="0.016" />
  <testcase classname="TerrenoEnNivelTest" name="testNivelConFuego" time="0.0" />
  <testcase classname="TerrenoEnNivelTest" name="testNivelGuardaXML" time="0.359" />
  <testcase classname="TerrenoEnNivelTest" name="testNivelCargaXML" time="0.375" />
  <testcase classname="TerrenoEnNivelTest" name="testNivelCargaSoloXML" time="0.063" />
  <testcase classname="TerrenoEnNivelTest" name="testManejar" time="0.0" />
  <testcase classname="TerrenoEnNivelTest" name="testRevisarNivel" time="0.0" />
  <testcase classname="TaladroTest" name="testUtilizarTaladro" time="0.0" />
  <testcase classname="RayoLaserTest" name="testLanzarRayo" time="0.0" />
  <testcase classname="NivelTest" name="testRevisarNivel" time="0.0" />
  <testcase classname="AgujeroNegroTest" name="testAccionarTerreno" time="0.0" />
  <testcase classname="TeletransportarseTest" name="testUtilizarTeletransportarse" time="0.0" />
  <testcase classname="TunelTest" name="testUtilizarTeletransportarse" time="0.0" />
  <system-out><![CDATA[Saving...
Saved!!!
FIN PRUEBA XML 1
Voy a guardar
Saving...
Saved!!!
Voy a mostrar lo cargado: 
Loading...
Loaded!!!
FIN DE LA PRUEBA
Loading...
Loaded!!!
FIN DE LA PRUEBA
]]></system-out>
  <system-err><![CDATA[]]></system-err>
</testsuite>
